<?xml version="1.0" encoding="UTF-8"?>
<!-- Generated by org.testng.reporters.JUnitXMLReporter -->
<testsuite hostname="ip-172-31-80-188" ignored="2" name="Default test" tests="1" failures="0" timestamp="09 Nov 2021 04:30:39 GMT" time="6.315" errors="0">
  <testcase name="ExcelTest" time="3.931" classname="Test.LoginTest"/>
  <testcase name="Positivelogin" time="0.0" classname="Test.LoginTest">
    <ignored/>
  </testcase> <!-- Positivelogin -->
  <testcase name="Negativelogin" time="0.0" classname="Test.LoginTest">
    <ignored/>
  </testcase> <!-- Negativelogin -->
</testsuite> <!-- Default test -->
