<?xml version="1.0" encoding="UTF-8"?>
<!-- Generated by org.testng.reporters.JUnitXMLReporter -->
<testsuite hostname="ip-172-31-80-188" ignored="0" name="Test" tests="3" failures="1" timestamp="12 Nov 2021 06:06:27 GMT" time="12.661" errors="0">
  <testcase name="ExcelTest" time="2.423" classname="Test.LoginTest"/>
  <testcase name="Negativelogin" time="3.213" classname="Test.LoginTest">
    <failure type="java.lang.AssertionError" message="expected [true] but found [false]">
      <![CDATA[java.lang.AssertionError: expected [true] but found [false]
at Test.LoginTest.Negativelogin(LoginTest.java:40)
... Removed 29 stack frames]]>
    </failure>
  </testcase> <!-- Negativelogin -->
  <testcase name="Positivelogin" time="1.542" classname="Test.LoginTest"/>
</testsuite> <!-- Test -->
