<?xml version="1.0" encoding="UTF-8"?>
<testng-results skipped="0" failed="0" ignored="0" total="3" passed="3">
  <reporter-output>
  </reporter-output>
  <suite name="Suite" duration-ms="14287" started-at="2021-11-09T04:49:44Z" finished-at="2021-11-09T04:49:58Z">
    <groups>
    </groups>
    <test name="Test" duration-ms="14287" started-at="2021-11-09T04:49:44Z" finished-at="2021-11-09T04:49:58Z">
      <class name="Test.LoginTest">
        <test-method status="PASS" signature="ReportSetup()[pri:0, instance:Test.LoginTest@4e718207]" name="ReportSetup" is-config="true" duration-ms="655" started-at="2021-11-09T04:49:44Z" finished-at="2021-11-09T04:49:44Z">
          <reporter-output>
          </reporter-output>
        </test-method> <!-- ReportSetup -->
        <test-method status="PASS" signature="setup()[pri:0, instance:Test.LoginTest@4e718207]" name="setup" is-config="true" duration-ms="2276" started-at="2021-11-09T04:49:44Z" finished-at="2021-11-09T04:49:46Z">
          <reporter-output>
          </reporter-output>
        </test-method> <!-- setup -->
        <test-method status="PASS" signature="ExcelTest()[pri:0, instance:Test.LoginTest@4e718207]" name="ExcelTest" duration-ms="2363" started-at="2021-11-09T04:49:46Z" finished-at="2021-11-09T04:49:49Z">
          <reporter-output>
          </reporter-output>
        </test-method> <!-- ExcelTest -->
        <test-method status="PASS" signature="teardown()[pri:0, instance:Test.LoginTest@4e718207]" name="teardown" is-config="true" duration-ms="91" started-at="2021-11-09T04:49:49Z" finished-at="2021-11-09T04:49:49Z">
          <reporter-output>
          </reporter-output>
        </test-method> <!-- teardown -->
        <test-method status="PASS" signature="setup()[pri:0, instance:Test.LoginTest@4e718207]" name="setup" is-config="true" duration-ms="1403" started-at="2021-11-09T04:49:49Z" finished-at="2021-11-09T04:49:50Z">
          <reporter-output>
          </reporter-output>
        </test-method> <!-- setup -->
        <test-method status="PASS" signature="Negativelogin(java.lang.String, java.lang.String)[pri:0, instance:Test.LoginTest@4e718207]" name="Negativelogin" duration-ms="3220" started-at="2021-11-09T04:49:50Z" finished-at="2021-11-09T04:49:54Z">
          <params>
            <param index="0">
              <value>
                <![CDATA[abc@org.com]]>
              </value>
            </param>
            <param index="1">
              <value>
                <![CDATA[Axyz@123]]>
              </value>
            </param>
          </params>
          <reporter-output>
          </reporter-output>
        </test-method> <!-- Negativelogin -->
        <test-method status="PASS" signature="teardown()[pri:0, instance:Test.LoginTest@4e718207]" name="teardown" is-config="true" duration-ms="72" started-at="2021-11-09T04:49:54Z" finished-at="2021-11-09T04:49:54Z">
          <reporter-output>
          </reporter-output>
        </test-method> <!-- teardown -->
        <test-method status="PASS" signature="setup()[pri:0, instance:Test.LoginTest@4e718207]" name="setup" is-config="true" duration-ms="1413" started-at="2021-11-09T04:49:54Z" finished-at="2021-11-09T04:49:55Z">
          <reporter-output>
          </reporter-output>
        </test-method> <!-- setup -->
        <test-method status="PASS" signature="Positivelogin(java.lang.String, java.lang.String)[pri:0, instance:Test.LoginTest@4e718207]" name="Positivelogin" duration-ms="2456" started-at="2021-11-09T04:49:55Z" finished-at="2021-11-09T04:49:58Z">
          <params>
            <param index="0">
              <value>
                <![CDATA[abc@org.com]]>
              </value>
            </param>
            <param index="1">
              <value>
                <![CDATA[Opn@0044]]>
              </value>
            </param>
          </params>
          <reporter-output>
          </reporter-output>
        </test-method> <!-- Positivelogin -->
        <test-method status="PASS" signature="teardown()[pri:0, instance:Test.LoginTest@4e718207]" name="teardown" is-config="true" duration-ms="73" started-at="2021-11-09T04:49:58Z" finished-at="2021-11-09T04:49:58Z">
          <reporter-output>
          </reporter-output>
        </test-method> <!-- teardown -->
        <test-method status="PASS" signature="ReportTearDown()[pri:0, instance:Test.LoginTest@4e718207]" name="ReportTearDown" is-config="true" duration-ms="236" started-at="2021-11-09T04:49:58Z" finished-at="2021-11-09T04:49:58Z">
          <reporter-output>
          </reporter-output>
        </test-method> <!-- ReportTearDown -->
      </class> <!-- Test.LoginTest -->
    </test> <!-- Test -->
  </suite> <!-- Suite -->
</testng-results>
